<?xml version="1.0" encoding="UTF-8"?>
<testsuite name="bis.stock.back.StockingBackendApplicationTests" tests="1" skipped="0" failures="0" errors="0" timestamp="2021-05-23T06:37:48" hostname="DESKTOP-76GT2IB" time="0.701">
  <properties/>
  <testcase name="contextLoads()" classname="bis.stock.back.StockingBackendApplicationTests" time="0.701"/>
  <system-out><![CDATA[15:37:43.629 [Test worker] DEBUG org.springframework.test.context.BootstrapUtils - Instantiating CacheAwareContextLoaderDelegate from class [org.springframework.test.context.cache.DefaultCacheAwareContextLoaderDelegate]
15:37:43.657 [Test worker] DEBUG org.springframework.test.context.BootstrapUtils - Instantiating BootstrapContext using constructor [public org.springframework.test.context.support.DefaultBootstrapContext(java.lang.Class,org.springframework.test.context.CacheAwareContextLoaderDelegate)]
15:37:43.735 [Test worker] DEBUG org.springframework.test.context.BootstrapUtils - Instantiating TestContextBootstrapper for test class [bis.stock.back.StockingBackendApplicationTests] from class [org.springframework.boot.test.context.SpringBootTestContextBootstrapper]
15:37:43.765 [Test worker] INFO org.springframework.boot.test.context.SpringBootTestContextBootstrapper - Neither @ContextConfiguration nor @ContextHierarchy found for test class [bis.stock.back.StockingBackendApplicationTests], using SpringBootContextLoader
15:37:43.773 [Test worker] DEBUG org.springframework.test.context.support.AbstractContextLoader - Did not detect default resource location for test class [bis.stock.back.StockingBackendApplicationTests]: class path resource [bis/stock/back/StockingBackendApplicationTests-context.xml] does not exist
15:37:43.774 [Test worker] DEBUG org.springframework.test.context.support.AbstractContextLoader - Did not detect default resource location for test class [bis.stock.back.StockingBackendApplicationTests]: class path resource [bis/stock/back/StockingBackendApplicationTestsContext.groovy] does not exist
15:37:43.775 [Test worker] INFO org.springframework.test.context.support.AbstractContextLoader - Could not detect default resource locations for test class [bis.stock.back.StockingBackendApplicationTests]: no resource found for suffixes {-context.xml, Context.groovy}.
15:37:43.776 [Test worker] INFO org.springframework.test.context.support.AnnotationConfigContextLoaderUtils - Could not detect default configuration classes for test class [bis.stock.back.StockingBackendApplicationTests]: StockingBackendApplicationTests does not declare any static, non-private, non-final, nested classes annotated with @Configuration.
15:37:43.881 [Test worker] DEBUG org.springframework.test.context.support.ActiveProfilesUtils - Could not find an 'annotation declaring class' for annotation type [org.springframework.test.context.ActiveProfiles] and class [bis.stock.back.StockingBackendApplicationTests]
15:37:44.049 [Test worker] DEBUG org.springframework.context.annotation.ClassPathScanningCandidateComponentProvider - Identified candidate component class: file [C:\yujin_project\Stocking\stocking-backend\build\classes\java\main\bis\stock\back\StockingBackendApplication.class]
15:37:44.053 [Test worker] INFO org.springframework.boot.test.context.SpringBootTestContextBootstrapper - Found @SpringBootConfiguration bis.stock.back.StockingBackendApplication for test class bis.stock.back.StockingBackendApplicationTests
15:37:44.276 [Test worker] DEBUG org.springframework.boot.test.context.SpringBootTestContextBootstrapper - @TestExecutionListeners is not present for class [bis.stock.back.StockingBackendApplicationTests]: using defaults.
15:37:44.277 [Test worker] INFO org.springframework.boot.test.context.SpringBootTestContextBootstrapper - Loaded default TestExecutionListener class names from location [META-INF/spring.factories]: [org.springframework.boot.test.autoconfigure.restdocs.RestDocsTestExecutionListener, org.springframework.boot.test.autoconfigure.web.client.MockRestServiceServerResetTestExecutionListener, org.springframework.boot.test.autoconfigure.web.servlet.MockMvcPrintOnlyOnFailureTestExecutionListener, org.springframework.boot.test.autoconfigure.web.servlet.WebDriverTestExecutionListener, org.springframework.boot.test.autoconfigure.webservices.client.MockWebServiceServerTestExecutionListener, org.springframework.boot.test.mock.mockito.MockitoTestExecutionListener, org.springframework.boot.test.mock.mockito.ResetMocksTestExecutionListener, org.springframework.test.context.web.ServletTestExecutionListener, org.springframework.test.context.support.DirtiesContextBeforeModesTestExecutionListener, org.springframework.test.context.event.ApplicationEventsTestExecutionListener, org.springframework.test.context.support.DependencyInjectionTestExecutionListener, org.springframework.test.context.support.DirtiesContextTestExecutionListener, org.springframework.test.context.transaction.TransactionalTestExecutionListener, org.springframework.test.context.jdbc.SqlScriptsTestExecutionListener, org.springframework.test.context.event.EventPublishingTestExecutionListener]
15:37:44.299 [Test worker] DEBUG org.springframework.boot.test.context.SpringBootTestContextBootstrapper - Skipping candidate TestExecutionListener [org.springframework.test.context.transaction.TransactionalTestExecutionListener] due to a missing dependency. Specify custom listener classes or make the default listener classes and their required dependencies available. Offending class: [org/springframework/transaction/interceptor/TransactionAttributeSource]
15:37:44.300 [Test worker] DEBUG org.springframework.boot.test.context.SpringBootTestContextBootstrapper - Skipping candidate TestExecutionListener [org.springframework.test.context.jdbc.SqlScriptsTestExecutionListener] due to a missing dependency. Specify custom listener classes or make the default listener classes and their required dependencies available. Offending class: [org/springframework/transaction/interceptor/TransactionAttribute]
15:37:44.301 [Test worker] INFO org.springframework.boot.test.context.SpringBootTestContextBootstrapper - Using TestExecutionListeners: [org.springframework.test.context.web.ServletTestExecutionListener@60e6b0bb, org.springframework.test.context.support.DirtiesContextBeforeModesTestExecutionListener@10e7241b, org.springframework.test.context.event.ApplicationEventsTestExecutionListener@1b5b4a94, org.springframework.boot.test.mock.mockito.MockitoTestExecutionListener@720162f4, org.springframework.boot.test.autoconfigure.SpringBootDependencyInjectionTestExecutionListener@27376767, org.springframework.test.context.support.DirtiesContextTestExecutionListener@e595866, org.springframework.test.context.event.EventPublishingTestExecutionListener@4f17acd3, org.springframework.boot.test.autoconfigure.restdocs.RestDocsTestExecutionListener@36786107, org.springframework.boot.test.autoconfigure.web.client.MockRestServiceServerResetTestExecutionListener@2ae824f0, org.springframework.boot.test.autoconfigure.web.servlet.MockMvcPrintOnlyOnFailureTestExecutionListener@6e36d3a3, org.springframework.boot.test.autoconfigure.web.servlet.WebDriverTestExecutionListener@1c359b82, org.springframework.boot.test.autoconfigure.webservices.client.MockWebServiceServerTestExecutionListener@6930b15a, org.springframework.boot.test.mock.mockito.ResetMocksTestExecutionListener@294d728]
15:37:44.310 [Test worker] DEBUG org.springframework.test.context.support.AbstractDirtiesContextTestExecutionListener - Before test class: context [DefaultTestContext@44672471 testClass = StockingBackendApplicationTests, testInstance = [null], testMethod = [null], testException = [null], mergedContextConfiguration = [WebMergedContextConfiguration@2061ad34 testClass = StockingBackendApplicationTests, locations = '{}', classes = '{class bis.stock.back.StockingBackendApplication}', contextInitializerClasses = '[]', activeProfiles = '{}', propertySourceLocations = '{}', propertySourceProperties = '{org.springframework.boot.test.context.SpringBootTestContextBootstrapper=true}', contextCustomizers = set[org.springframework.boot.test.autoconfigure.actuate.metrics.MetricsExportContextCustomizerFactory$DisableMetricExportContextCustomizer@7d1ced50, org.springframework.boot.test.autoconfigure.properties.PropertyMappingContextCustomizer@0, org.springframework.boot.test.autoconfigure.web.servlet.WebDriverContextCustomizerFactory$Customizer@2fc56bb4, org.springframework.boot.test.context.filter.ExcludeFilterContextCustomizer@5aea8d29, org.springframework.boot.test.json.DuplicateJsonObjectContextCustomizerFactory$DuplicateJsonObjectContextCustomizer@884677, org.springframework.boot.test.mock.mockito.MockitoContextCustomizer@0, org.springframework.boot.test.web.client.TestRestTemplateContextCustomizer@3feb5f34, org.springframework.boot.test.context.SpringBootTestArgs@1, org.springframework.boot.test.context.SpringBootTestWebEnvironment@6535bd32], resourceBasePath = 'src/main/webapp', contextLoader = 'org.springframework.boot.test.context.SpringBootContextLoader', parent = [null]], attributes = map['org.springframework.test.context.web.ServletTestExecutionListener.activateListener' -> true]], class annotated with @DirtiesContext [false] with mode [null].
15:37:44.356 [Test worker] DEBUG org.springframework.test.context.support.TestPropertySourceUtils - Adding inlined properties to environment: {spring.jmx.enabled=false, org.springframework.boot.test.context.SpringBootTestContextBootstrapper=true}

  .   ____          _            __ _ _
 /\\ / ___'_ __ _ _(_)_ __  __ _ \ \ \ \
( ( )\___ | '_ | '_| | '_ \/ _` | \ \ \ \
 \\/  ___)| |_)| | | | | || (_| |  ) ) ) )
  '  |____| .__|_| |_|_| |_\__, | / / / /
 =========|_|==============|___/=/_/_/_/
 :: Spring Boot ::                (v2.5.0)

2021-05-23 15:37:44.921  INFO 6524 --- [    Test worker] b.s.b.StockingBackendApplicationTests    : Starting StockingBackendApplicationTests using Java 1.8.0_251 on DESKTOP-76GT2IB with PID 6524 (started by ksooh in C:\yujin_project\Stocking\stocking-backend)
2021-05-23 15:37:44.924  INFO 6524 --- [    Test worker] b.s.b.StockingBackendApplicationTests    : No active profile set, falling back to default profiles: default
2021-05-23 15:37:48.498  INFO 6524 --- [    Test worker] b.s.b.StockingBackendApplicationTests    : Started StockingBackendApplicationTests in 4.13 seconds (JVM running for 6.338)
2021-05-23 15:37:48.501  INFO 6524 --- [    Test worker] o.s.b.a.ApplicationAvailabilityBean      : Application availability state LivenessState changed to CORRECT
2021-05-23 15:37:48.506  INFO 6524 --- [    Test worker] o.s.b.a.ApplicationAvailabilityBean      : Application availability state ReadinessState changed to ACCEPTING_TRAFFIC
]]></system-out>
  <system-err><![CDATA[]]></system-err>
</testsuite>
